{"C:\\Users\\Rafael\\Workspace\\tech-challenge\\src\\api\\quizData.ts": {"path":"C:\\Users\\Rafael\\Workspace\\tech-challenge\\src\\api\\quizData.ts","statementMap":{"0":{"start":{"line":3,"column":26},"end":{"line":210,"column":null}},"1":{"start":{"line":212,"column":21},"end":{"line":212,"column":null}},"2":{"start":{"line":215,"column":2},"end":{"line":217,"column":null}},"3":{"start":{"line":216,"column":4},"end":{"line":216,"column":null}},"4":{"start":{"line":221,"column":2},"end":{"line":221,"column":null}},"5":{"start":{"line":222,"column":2},"end":{"line":222,"column":null}},"6":{"start":{"line":226,"column":2},"end":{"line":226,"column":null}},"7":{"start":{"line":227,"column":15},"end":{"line":227,"column":59}},"8":{"start":{"line":227,"column":40},"end":{"line":227,"column":59}},"9":{"start":{"line":228,"column":2},"end":{"line":228,"column":null}}},"fnMap":{"0":{"name":"delay","decl":{"start":{"line":214,"column":9},"end":{"line":214,"column":15}},"loc":{"start":{"line":214,"column":42},"end":{"line":217,"column":null}},"line":214},"1":{"name":"(anonymous_1)","decl":{"start":{"line":215,"column":13},"end":{"line":215,"column":22}},"loc":{"start":{"line":215,"column":34},"end":{"line":217,"column":null}},"line":215},"2":{"name":"fetchQuizzes","decl":{"start":{"line":220,"column":22},"end":{"line":220,"column":54}},"loc":{"start":{"line":220,"column":54},"end":{"line":222,"column":null}},"line":220},"3":{"name":"fetchQuizById","decl":{"start":{"line":225,"column":22},"end":{"line":225,"column":36}},"loc":{"start":{"line":225,"column":74},"end":{"line":228,"column":null}},"line":225},"4":{"name":"(anonymous_4)","decl":{"start":{"line":227,"column":25},"end":{"line":227,"column":31}},"loc":{"start":{"line":227,"column":40},"end":{"line":227,"column":59}},"line":227}},"branchMap":{"0":{"loc":{"start":{"line":228,"column":9},"end":{"line":228,"column":null}},"type":"cond-expr","locations":[{"start":{"line":228,"column":16},"end":{"line":228,"column":37}},{"start":{"line":228,"column":40},"end":{"line":228,"column":null}}],"line":228}},"s":{"0":1,"1":1,"2":5,"3":5,"4":3,"5":3,"6":2,"7":2,"8":4,"9":2},"f":{"0":5,"1":5,"2":3,"3":2,"4":4},"b":{"0":[1,1]},"meta":{"lastBranch":1,"lastFunction":5,"lastStatement":10,"seen":{"s:3:26:210:Infinity":0,"s:212:21:212:Infinity":1,"f:214:9:214:15":0,"s:215:2:217:Infinity":2,"f:215:13:215:22":1,"s:216:4:216:Infinity":3,"f:220:22:220:54":2,"s:221:2:221:Infinity":4,"s:222:2:222:Infinity":5,"f:225:22:225:36":3,"s:226:2:226:Infinity":6,"s:227:15:227:59":7,"f:227:25:227:31":4,"s:227:40:227:59":8,"s:228:2:228:Infinity":9,"b:228:16:228:37:228:40:228:Infinity":0}}}
,"C:\\Users\\Rafael\\Workspace\\tech-challenge\\src\\pages\\HomePage.tsx": {"path":"C:\\Users\\Rafael\\Workspace\\tech-challenge\\src\\pages\\HomePage.tsx","statementMap":{"0":{"start":{"line":5,"column":16},"end":{"line":5,"column":37}},"1":{"start":{"line":7,"column":18},"end":{"line":7,"column":null}},"2":{"start":{"line":8,"column":27},"end":{"line":8,"column":null}},"3":{"start":{"line":8,"column":61},"end":{"line":8,"column":76}},"4":{"start":{"line":10,"column":4},"end":{"line":12,"column":null}},"5":{"start":{"line":11,"column":46},"end":{"line":11,"column":65}},"6":{"start":{"line":14,"column":2},"end":{"line":102,"column":null}}},"fnMap":{"0":{"name":"HomePage","decl":{"start":{"line":4,"column":16},"end":{"line":4,"column":27}},"loc":{"start":{"line":4,"column":27},"end":{"line":102,"column":null}},"line":4},"1":{"name":"(anonymous_1)","decl":{"start":{"line":8,"column":44},"end":{"line":8,"column":49}},"loc":{"start":{"line":8,"column":61},"end":{"line":8,"column":76}},"line":8},"2":{"name":"(anonymous_2)","decl":{"start":{"line":11,"column":29},"end":{"line":11,"column":34}},"loc":{"start":{"line":11,"column":46},"end":{"line":11,"column":65}},"line":11}},"branchMap":{"0":{"loc":{"start":{"line":10,"column":4},"end":{"line":12,"column":null}},"type":"cond-expr","locations":[{"start":{"line":11,"column":8},"end":{"line":11,"column":66}},{"start":{"line":12,"column":8},"end":{"line":12,"column":null}}],"line":10},"1":{"loc":{"start":{"line":44,"column":9},"end":{"line":47,"column":null}},"type":"binary-expr","locations":[{"start":{"line":44,"column":9},"end":{"line":44,"column":null}},{"start":{"line":45,"column":10},"end":{"line":47,"column":null}}],"line":44},"2":{"loc":{"start":{"line":51,"column":7},"end":{"line":68,"column":null}},"type":"binary-expr","locations":[{"start":{"line":51,"column":7},"end":{"line":51,"column":null}},{"start":{"line":52,"column":8},"end":{"line":68,"column":null}}],"line":51},"3":{"loc":{"start":{"line":68,"column":15},"end":{"line":68,"column":30}},"type":"binary-expr","locations":[{"start":{"line":68,"column":15},"end":{"line":68,"column":28}},{"start":{"line":68,"column":28},"end":{"line":68,"column":30}}],"line":68}},"s":{"0":2,"1":2,"2":2,"3":1,"4":2,"5":1,"6":2},"f":{"0":2,"1":1,"2":1},"b":{"0":[1,1],"1":[2,1],"2":[2,1],"3":[1,0]},"meta":{"lastBranch":4,"lastFunction":3,"lastStatement":7,"seen":{"f:4:16:4:27":0,"s:5:16:5:37":0,"s:7:18:7:Infinity":1,"s:8:27:8:Infinity":2,"f:8:44:8:49":1,"s:8:61:8:76":3,"s:10:4:12:Infinity":4,"b:11:8:11:66:12:8:12:Infinity":0,"f:11:29:11:34":2,"s:11:46:11:65":5,"s:14:2:102:Infinity":6,"b:44:9:44:Infinity:45:10:47:Infinity":1,"b:51:7:51:Infinity:52:8:68:Infinity":2,"b:68:15:68:28:68:28:68:30":3}}}
,"C:\\Users\\Rafael\\Workspace\\tech-challenge\\src\\pages\\QuizzesPage.tsx": {"path":"C:\\Users\\Rafael\\Workspace\\tech-challenge\\src\\pages\\QuizzesPage.tsx","statementMap":{"0":{"start":{"line":8,"column":10},"end":{"line":8,"column":35}},"1":{"start":{"line":9,"column":18},"end":{"line":9,"column":52}},"2":{"start":{"line":10,"column":20},"end":{"line":10,"column":59}},"3":{"start":{"line":12,"column":2},"end":{"line":20,"column":null}},"4":{"start":{"line":13,"column":4},"end":{"line":19,"column":null}},"5":{"start":{"line":15,"column":8},"end":{"line":15,"column":null}},"6":{"start":{"line":18,"column":8},"end":{"line":18,"column":null}},"7":{"start":{"line":22,"column":2},"end":{"line":86,"column":null}},"8":{"start":{"line":34,"column":12},"end":{"line":43,"column":null}},"9":{"start":{"line":56,"column":30},"end":{"line":56,"column":51}},"10":{"start":{"line":58,"column":12},"end":{"line":83,"column":null}}},"fnMap":{"0":{"name":"QuizzesPage","decl":{"start":{"line":7,"column":16},"end":{"line":7,"column":30}},"loc":{"start":{"line":7,"column":30},"end":{"line":86,"column":null}},"line":7},"1":{"name":"(anonymous_1)","decl":{"start":{"line":12,"column":2},"end":{"line":12,"column":18}},"loc":{"start":{"line":12,"column":18},"end":{"line":20,"column":7}},"line":12},"2":{"name":"(anonymous_2)","decl":{"start":{"line":14,"column":7},"end":{"line":14,"column":13}},"loc":{"start":{"line":14,"column":23},"end":{"line":16,"column":null}},"line":14},"3":{"name":"(anonymous_3)","decl":{"start":{"line":17,"column":7},"end":{"line":17,"column":21}},"loc":{"start":{"line":17,"column":21},"end":{"line":19,"column":null}},"line":17},"4":{"name":"(anonymous_4)","decl":{"start":{"line":33,"column":37},"end":{"line":33,"column":42}},"loc":{"start":{"line":34,"column":12},"end":{"line":43,"column":null}},"line":34},"5":{"name":"(anonymous_5)","decl":{"start":{"line":55,"column":19},"end":{"line":55,"column":24}},"loc":{"start":{"line":55,"column":33},"end":{"line":83,"column":null}},"line":55}},"branchMap":{"0":{"loc":{"start":{"line":31,"column":7},"end":{"line":86,"column":null}},"type":"cond-expr","locations":[{"start":{"line":32,"column":8},"end":{"line":46,"column":18}},{"start":{"line":46,"column":10},"end":{"line":86,"column":null}}],"line":31},"1":{"loc":{"start":{"line":46,"column":10},"end":{"line":86,"column":null}},"type":"cond-expr","locations":[{"start":{"line":47,"column":8},"end":{"line":54,"column":9}},{"start":{"line":54,"column":8},"end":{"line":86,"column":null}}],"line":46},"2":{"loc":{"start":{"line":73,"column":19},"end":{"line":75,"column":null}},"type":"binary-expr","locations":[{"start":{"line":73,"column":19},"end":{"line":73,"column":null}},{"start":{"line":74,"column":20},"end":{"line":75,"column":null}}],"line":73}},"s":{"0":3,"1":3,"2":3,"3":3,"4":2,"5":1,"6":1,"7":3,"8":8,"9":1,"10":1},"f":{"0":3,"1":2,"2":1,"3":1,"4":8,"5":1},"b":{"0":[2,1],"1":[0,1],"2":[1,1]},"meta":{"lastBranch":3,"lastFunction":6,"lastStatement":11,"seen":{"f:7:16:7:30":0,"s:8:10:8:35":0,"s:9:18:9:52":1,"s:10:20:10:59":2,"s:12:2:20:Infinity":3,"f:12:2:12:18":1,"s:13:4:19:Infinity":4,"f:14:7:14:13":2,"s:15:8:15:Infinity":5,"f:17:7:17:21":3,"s:18:8:18:Infinity":6,"s:22:2:86:Infinity":7,"b:32:8:46:18:46:10:86:Infinity":0,"f:33:37:33:42":4,"s:34:12:43:Infinity":8,"b:47:8:54:9:54:8:86:Infinity":1,"f:55:19:55:24":5,"s:56:30:56:51":9,"s:58:12:83:Infinity":10,"b:73:19:73:Infinity:74:20:75:Infinity":2}}}
,"C:\\Users\\Rafael\\Workspace\\tech-challenge\\src\\utils\\storage.ts": {"path":"C:\\Users\\Rafael\\Workspace\\tech-challenge\\src\\utils\\storage.ts","statementMap":{"0":{"start":{"line":3,"column":21},"end":{"line":6,"column":null}},"1":{"start":{"line":9,"column":2},"end":{"line":10,"column":null}},"2":{"start":{"line":10,"column":4},"end":{"line":10,"column":null}},"3":{"start":{"line":12,"column":2},"end":{"line":12,"column":null}},"4":{"start":{"line":16,"column":2},"end":{"line":16,"column":null}},"5":{"start":{"line":20,"column":2},"end":{"line":20,"column":null}},"6":{"start":{"line":20,"column":24},"end":{"line":20,"column":null}},"7":{"start":{"line":22,"column":2},"end":{"line":26,"column":null}},"8":{"start":{"line":31,"column":2},"end":{"line":31,"column":null}},"9":{"start":{"line":31,"column":24},"end":{"line":31,"column":null}},"10":{"start":{"line":32,"column":2},"end":{"line":42,"column":null}},"11":{"start":{"line":42,"column":4},"end":{"line":42,"column":null}},"12":{"start":{"line":45,"column":2},"end":{"line":45,"column":null}},"13":{"start":{"line":45,"column":37},"end":{"line":45,"column":null}},"14":{"start":{"line":47,"column":2},"end":{"line":54,"column":null}},"15":{"start":{"line":48,"column":4},"end":{"line":48,"column":null}},"16":{"start":{"line":48,"column":27},"end":{"line":48,"column":null}},"17":{"start":{"line":49,"column":4},"end":{"line":52,"column":null}},"18":{"start":{"line":58,"column":2},"end":{"line":58,"column":null}},"19":{"start":{"line":58,"column":12},"end":{"line":58,"column":null}},"20":{"start":{"line":60,"column":2},"end":{"line":64,"column":null}},"21":{"start":{"line":61,"column":28},"end":{"line":61,"column":43}},"22":{"start":{"line":62,"column":4},"end":{"line":62,"column":null}},"23":{"start":{"line":64,"column":4},"end":{"line":64,"column":null}},"24":{"start":{"line":69,"column":2},"end":{"line":69,"column":null}},"25":{"start":{"line":69,"column":12},"end":{"line":69,"column":null}},"26":{"start":{"line":71,"column":2},"end":{"line":76,"column":null}},"27":{"start":{"line":72,"column":28},"end":{"line":72,"column":43}},"28":{"start":{"line":73,"column":4},"end":{"line":73,"column":null}},"29":{"start":{"line":73,"column":32},"end":{"line":73,"column":null}},"30":{"start":{"line":74,"column":4},"end":{"line":74,"column":null}},"31":{"start":{"line":76,"column":4},"end":{"line":76,"column":null}},"32":{"start":{"line":81,"column":18},"end":{"line":81,"column":30}},"33":{"start":{"line":82,"column":2},"end":{"line":82,"column":null}},"34":{"start":{"line":82,"column":16},"end":{"line":82,"column":null}},"35":{"start":{"line":84,"column":14},"end":{"line":84,"column":48}},"36":{"start":{"line":85,"column":2},"end":{"line":85,"column":null}},"37":{"start":{"line":89,"column":18},"end":{"line":89,"column":30}},"38":{"start":{"line":90,"column":2},"end":{"line":90,"column":null}},"39":{"start":{"line":90,"column":16},"end":{"line":90,"column":null}},"40":{"start":{"line":91,"column":2},"end":{"line":91,"column":null}},"41":{"start":{"line":95,"column":18},"end":{"line":95,"column":30}},"42":{"start":{"line":96,"column":2},"end":{"line":96,"column":null}},"43":{"start":{"line":96,"column":16},"end":{"line":96,"column":null}},"44":{"start":{"line":98,"column":14},"end":{"line":98,"column":52}},"45":{"start":{"line":99,"column":2},"end":{"line":99,"column":null}},"46":{"start":{"line":103,"column":18},"end":{"line":103,"column":30}},"47":{"start":{"line":104,"column":2},"end":{"line":104,"column":null}},"48":{"start":{"line":104,"column":16},"end":{"line":104,"column":null}},"49":{"start":{"line":106,"column":26},"end":{"line":106,"column":39}},"50":{"start":{"line":107,"column":23},"end":{"line":107,"column":52}},"51":{"start":{"line":108,"column":2},"end":{"line":108,"column":null}},"52":{"start":{"line":109,"column":2},"end":{"line":109,"column":null}},"53":{"start":{"line":113,"column":18},"end":{"line":113,"column":30}},"54":{"start":{"line":114,"column":2},"end":{"line":114,"column":null}},"55":{"start":{"line":114,"column":16},"end":{"line":114,"column":null}},"56":{"start":{"line":115,"column":2},"end":{"line":115,"column":null}},"57":{"start":{"line":119,"column":18},"end":{"line":119,"column":30}},"58":{"start":{"line":120,"column":2},"end":{"line":120,"column":null}},"59":{"start":{"line":120,"column":16},"end":{"line":120,"column":null}},"60":{"start":{"line":121,"column":2},"end":{"line":121,"column":null}},"61":{"start":{"line":125,"column":18},"end":{"line":125,"column":30}},"62":{"start":{"line":126,"column":2},"end":{"line":126,"column":null}},"63":{"start":{"line":126,"column":16},"end":{"line":126,"column":null}},"64":{"start":{"line":128,"column":2},"end":{"line":128,"column":null}},"65":{"start":{"line":129,"column":2},"end":{"line":129,"column":null}}},"fnMap":{"0":{"name":"getStorage","decl":{"start":{"line":8,"column":9},"end":{"line":8,"column":38}},"loc":{"start":{"line":8,"column":38},"end":{"line":12,"column":null}},"line":8},"1":{"name":"isRecord","decl":{"start":{"line":15,"column":9},"end":{"line":15,"column":18}},"loc":{"start":{"line":15,"column":68},"end":{"line":16,"column":null}},"line":15},"2":{"name":"isUserProfile","decl":{"start":{"line":19,"column":9},"end":{"line":19,"column":23}},"loc":{"start":{"line":19,"column":61},"end":{"line":26,"column":null}},"line":19},"3":{"name":"isQuizAttempt","decl":{"start":{"line":30,"column":9},"end":{"line":30,"column":23}},"loc":{"start":{"line":30,"column":61},"end":{"line":54,"column":null}},"line":30},"4":{"name":"(anonymous_4)","decl":{"start":{"line":47,"column":23},"end":{"line":47,"column":30}},"loc":{"start":{"line":47,"column":41},"end":{"line":54,"column":null}},"line":47},"5":{"name":"safeParse","decl":{"start":{"line":57,"column":9},"end":{"line":57,"column":22}},"loc":{"start":{"line":57,"column":91},"end":{"line":64,"column":null}},"line":57},"6":{"name":"safeParseAttempts","decl":{"start":{"line":68,"column":9},"end":{"line":68,"column":27}},"loc":{"start":{"line":68,"column":62},"end":{"line":76,"column":null}},"line":68},"7":{"name":"getUser","decl":{"start":{"line":80,"column":16},"end":{"line":80,"column":46}},"loc":{"start":{"line":80,"column":46},"end":{"line":85,"column":null}},"line":80},"8":{"name":"setUser","decl":{"start":{"line":88,"column":16},"end":{"line":88,"column":24}},"loc":{"start":{"line":88,"column":49},"end":{"line":91,"column":null}},"line":88},"9":{"name":"getAttempts","decl":{"start":{"line":94,"column":16},"end":{"line":94,"column":45}},"loc":{"start":{"line":94,"column":45},"end":{"line":99,"column":null}},"line":94},"10":{"name":"saveAttempt","decl":{"start":{"line":102,"column":16},"end":{"line":102,"column":28}},"loc":{"start":{"line":102,"column":65},"end":{"line":109,"column":null}},"line":102},"11":{"name":"setAttempts","decl":{"start":{"line":112,"column":16},"end":{"line":112,"column":28}},"loc":{"start":{"line":112,"column":59},"end":{"line":115,"column":null}},"line":112},"12":{"name":"clearAttempts","decl":{"start":{"line":118,"column":16},"end":{"line":118,"column":38}},"loc":{"start":{"line":118,"column":38},"end":{"line":121,"column":null}},"line":118},"13":{"name":"clearAllData","decl":{"start":{"line":124,"column":16},"end":{"line":124,"column":37}},"loc":{"start":{"line":124,"column":37},"end":{"line":129,"column":null}},"line":124}},"branchMap":{"0":{"loc":{"start":{"line":9,"column":2},"end":{"line":10,"column":null}},"type":"if","locations":[{"start":{"line":9,"column":2},"end":{"line":10,"column":null}},{"start":{},"end":{}}],"line":9},"1":{"loc":{"start":{"line":16,"column":9},"end":{"line":16,"column":null}},"type":"binary-expr","locations":[{"start":{"line":16,"column":9},"end":{"line":16,"column":38}},{"start":{"line":16,"column":38},"end":{"line":16,"column":null}}],"line":16},"2":{"loc":{"start":{"line":20,"column":2},"end":{"line":20,"column":null}},"type":"if","locations":[{"start":{"line":20,"column":2},"end":{"line":20,"column":null}},{"start":{},"end":{}}],"line":20},"3":{"loc":{"start":{"line":23,"column":4},"end":{"line":26,"column":null}},"type":"binary-expr","locations":[{"start":{"line":23,"column":4},"end":{"line":23,"column":null}},{"start":{"line":24,"column":4},"end":{"line":24,"column":null}},{"start":{"line":25,"column":4},"end":{"line":25,"column":null}},{"start":{"line":26,"column":4},"end":{"line":26,"column":null}}],"line":23},"4":{"loc":{"start":{"line":31,"column":2},"end":{"line":31,"column":null}},"type":"if","locations":[{"start":{"line":31,"column":2},"end":{"line":31,"column":null}},{"start":{},"end":{}}],"line":31},"5":{"loc":{"start":{"line":32,"column":2},"end":{"line":42,"column":null}},"type":"if","locations":[{"start":{"line":32,"column":2},"end":{"line":42,"column":null}},{"start":{},"end":{}}],"line":32},"6":{"loc":{"start":{"line":33,"column":4},"end":{"line":40,"column":null}},"type":"binary-expr","locations":[{"start":{"line":33,"column":4},"end":{"line":33,"column":null}},{"start":{"line":34,"column":4},"end":{"line":34,"column":null}},{"start":{"line":35,"column":4},"end":{"line":35,"column":null}},{"start":{"line":36,"column":4},"end":{"line":36,"column":null}},{"start":{"line":37,"column":4},"end":{"line":37,"column":null}},{"start":{"line":38,"column":4},"end":{"line":38,"column":null}},{"start":{"line":39,"column":4},"end":{"line":39,"column":null}},{"start":{"line":40,"column":4},"end":{"line":40,"column":null}}],"line":33},"7":{"loc":{"start":{"line":45,"column":2},"end":{"line":45,"column":null}},"type":"if","locations":[{"start":{"line":45,"column":2},"end":{"line":45,"column":null}},{"start":{},"end":{}}],"line":45},"8":{"loc":{"start":{"line":48,"column":4},"end":{"line":48,"column":null}},"type":"if","locations":[{"start":{"line":48,"column":4},"end":{"line":48,"column":null}},{"start":{},"end":{}}],"line":48},"9":{"loc":{"start":{"line":50,"column":6},"end":{"line":52,"column":null}},"type":"binary-expr","locations":[{"start":{"line":50,"column":6},"end":{"line":50,"column":null}},{"start":{"line":51,"column":6},"end":{"line":51,"column":null}},{"start":{"line":52,"column":6},"end":{"line":52,"column":null}}],"line":50},"10":{"loc":{"start":{"line":58,"column":2},"end":{"line":58,"column":null}},"type":"if","locations":[{"start":{"line":58,"column":2},"end":{"line":58,"column":null}},{"start":{},"end":{}}],"line":58},"11":{"loc":{"start":{"line":62,"column":11},"end":{"line":62,"column":null}},"type":"cond-expr","locations":[{"start":{"line":62,"column":27},"end":{"line":62,"column":36}},{"start":{"line":62,"column":36},"end":{"line":62,"column":null}}],"line":62},"12":{"loc":{"start":{"line":69,"column":2},"end":{"line":69,"column":null}},"type":"if","locations":[{"start":{"line":69,"column":2},"end":{"line":69,"column":null}},{"start":{},"end":{}}],"line":69},"13":{"loc":{"start":{"line":73,"column":4},"end":{"line":73,"column":null}},"type":"if","locations":[{"start":{"line":73,"column":4},"end":{"line":73,"column":null}},{"start":{},"end":{}}],"line":73},"14":{"loc":{"start":{"line":82,"column":2},"end":{"line":82,"column":null}},"type":"if","locations":[{"start":{"line":82,"column":2},"end":{"line":82,"column":null}},{"start":{},"end":{}}],"line":82},"15":{"loc":{"start":{"line":90,"column":2},"end":{"line":90,"column":null}},"type":"if","locations":[{"start":{"line":90,"column":2},"end":{"line":90,"column":null}},{"start":{},"end":{}}],"line":90},"16":{"loc":{"start":{"line":96,"column":2},"end":{"line":96,"column":null}},"type":"if","locations":[{"start":{"line":96,"column":2},"end":{"line":96,"column":null}},{"start":{},"end":{}}],"line":96},"17":{"loc":{"start":{"line":104,"column":2},"end":{"line":104,"column":null}},"type":"if","locations":[{"start":{"line":104,"column":2},"end":{"line":104,"column":null}},{"start":{},"end":{}}],"line":104},"18":{"loc":{"start":{"line":114,"column":2},"end":{"line":114,"column":null}},"type":"if","locations":[{"start":{"line":114,"column":2},"end":{"line":114,"column":null}},{"start":{},"end":{}}],"line":114},"19":{"loc":{"start":{"line":120,"column":2},"end":{"line":120,"column":null}},"type":"if","locations":[{"start":{"line":120,"column":2},"end":{"line":120,"column":null}},{"start":{},"end":{}}],"line":120},"20":{"loc":{"start":{"line":126,"column":2},"end":{"line":126,"column":null}},"type":"if","locations":[{"start":{"line":126,"column":2},"end":{"line":126,"column":null}},{"start":{},"end":{}}],"line":126}},"s":{"0":1,"1":18,"2":0,"3":18,"4":17,"5":2,"6":0,"7":2,"8":5,"9":0,"10":5,"11":0,"12":5,"13":0,"14":5,"15":10,"16":0,"17":10,"18":3,"19":1,"20":2,"21":2,"22":2,"23":0,"24":7,"25":3,"26":4,"27":4,"28":4,"29":1,"30":3,"31":0,"32":3,"33":3,"34":0,"35":3,"36":3,"37":2,"38":2,"39":0,"40":2,"41":7,"42":7,"43":0,"44":7,"45":7,"46":2,"47":2,"48":0,"49":2,"50":2,"51":2,"52":2,"53":2,"54":2,"55":0,"56":2,"57":1,"58":1,"59":0,"60":1,"61":1,"62":1,"63":0,"64":1,"65":1},"f":{"0":18,"1":17,"2":2,"3":5,"4":10,"5":3,"6":7,"7":3,"8":2,"9":7,"10":2,"11":2,"12":1,"13":1},"b":{"0":[0,18],"1":[17,17],"2":[0,2],"3":[2,1,1,1],"4":[0,5],"5":[0,5],"6":[5,5,5,5,5,5,5,5],"7":[0,5],"8":[0,10],"9":[10,10,10],"10":[1,2],"11":[1,1],"12":[3,4],"13":[1,3],"14":[0,3],"15":[0,2],"16":[0,7],"17":[0,2],"18":[0,2],"19":[0,1],"20":[0,1]},"meta":{"lastBranch":21,"lastFunction":14,"lastStatement":66,"seen":{"s:3:21:6:Infinity":0,"f:8:9:8:38":0,"b:9:2:10:Infinity:undefined:undefined:undefined:undefined":0,"s:9:2:10:Infinity":1,"s:10:4:10:Infinity":2,"s:12:2:12:Infinity":3,"f:15:9:15:18":1,"s:16:2:16:Infinity":4,"b:16:9:16:38:16:38:16:Infinity":1,"f:19:9:19:23":2,"b:20:2:20:Infinity:undefined:undefined:undefined:undefined":2,"s:20:2:20:Infinity":5,"s:20:24:20:Infinity":6,"s:22:2:26:Infinity":7,"b:23:4:23:Infinity:24:4:24:Infinity:25:4:25:Infinity:26:4:26:Infinity":3,"f:30:9:30:23":3,"b:31:2:31:Infinity:undefined:undefined:undefined:undefined":4,"s:31:2:31:Infinity":8,"s:31:24:31:Infinity":9,"b:32:2:42:Infinity:undefined:undefined:undefined:undefined":5,"s:32:2:42:Infinity":10,"b:33:4:33:Infinity:34:4:34:Infinity:35:4:35:Infinity:36:4:36:Infinity:37:4:37:Infinity:38:4:38:Infinity:39:4:39:Infinity:40:4:40:Infinity":6,"s:42:4:42:Infinity":11,"b:45:2:45:Infinity:undefined:undefined:undefined:undefined":7,"s:45:2:45:Infinity":12,"s:45:37:45:Infinity":13,"s:47:2:54:Infinity":14,"f:47:23:47:30":4,"b:48:4:48:Infinity:undefined:undefined:undefined:undefined":8,"s:48:4:48:Infinity":15,"s:48:27:48:Infinity":16,"s:49:4:52:Infinity":17,"b:50:6:50:Infinity:51:6:51:Infinity:52:6:52:Infinity":9,"f:57:9:57:22":5,"b:58:2:58:Infinity:undefined:undefined:undefined:undefined":10,"s:58:2:58:Infinity":18,"s:58:12:58:Infinity":19,"s:60:2:64:Infinity":20,"s:61:28:61:43":21,"s:62:4:62:Infinity":22,"b:62:27:62:36:62:36:62:Infinity":11,"s:64:4:64:Infinity":23,"f:68:9:68:27":6,"b:69:2:69:Infinity:undefined:undefined:undefined:undefined":12,"s:69:2:69:Infinity":24,"s:69:12:69:Infinity":25,"s:71:2:76:Infinity":26,"s:72:28:72:43":27,"b:73:4:73:Infinity:undefined:undefined:undefined:undefined":13,"s:73:4:73:Infinity":28,"s:73:32:73:Infinity":29,"s:74:4:74:Infinity":30,"s:76:4:76:Infinity":31,"f:80:16:80:46":7,"s:81:18:81:30":32,"b:82:2:82:Infinity:undefined:undefined:undefined:undefined":14,"s:82:2:82:Infinity":33,"s:82:16:82:Infinity":34,"s:84:14:84:48":35,"s:85:2:85:Infinity":36,"f:88:16:88:24":8,"s:89:18:89:30":37,"b:90:2:90:Infinity:undefined:undefined:undefined:undefined":15,"s:90:2:90:Infinity":38,"s:90:16:90:Infinity":39,"s:91:2:91:Infinity":40,"f:94:16:94:45":9,"s:95:18:95:30":41,"b:96:2:96:Infinity:undefined:undefined:undefined:undefined":16,"s:96:2:96:Infinity":42,"s:96:16:96:Infinity":43,"s:98:14:98:52":44,"s:99:2:99:Infinity":45,"f:102:16:102:28":10,"s:103:18:103:30":46,"b:104:2:104:Infinity:undefined:undefined:undefined:undefined":17,"s:104:2:104:Infinity":47,"s:104:16:104:Infinity":48,"s:106:26:106:39":49,"s:107:23:107:52":50,"s:108:2:108:Infinity":51,"s:109:2:109:Infinity":52,"f:112:16:112:28":11,"s:113:18:113:30":53,"b:114:2:114:Infinity:undefined:undefined:undefined:undefined":18,"s:114:2:114:Infinity":54,"s:114:16:114:Infinity":55,"s:115:2:115:Infinity":56,"f:118:16:118:38":12,"s:119:18:119:30":57,"b:120:2:120:Infinity:undefined:undefined:undefined:undefined":19,"s:120:2:120:Infinity":58,"s:120:16:120:Infinity":59,"s:121:2:121:Infinity":60,"f:124:16:124:37":13,"s:125:18:125:30":61,"b:126:2:126:Infinity:undefined:undefined:undefined:undefined":20,"s:126:2:126:Infinity":62,"s:126:16:126:Infinity":63,"s:128:2:128:Infinity":64,"s:129:2:129:Infinity":65}}}
}
